<?xml version="1.0" encoding="UTF-8"?>
<!-- Generated by org.testng.reporters.JUnitReportReporter -->
<testsuite hostname="LAPTOP-9IEFEGVT" failures="0" tests="1" name="example.NewTest" time="0.004" errors="0" timestamp="17 Jun 2021 04:09:27 GMT">
  <testcase classname="example.NewTest" name="f" time="0.004"/>
</testsuite> <!-- example.NewTest -->
